<?xml version="1.0" encoding="UTF-8"?>
<!-- Generated by org.testng.reporters.JUnitReportReporter -->
<testsuite skipped="0" hostname="DESKTOP-CIUUGKB" name="com.qa.hubspot.tests.LoginPageTestWPF" tests="2" failures="0" timestamp="13 Jul 2019 16:44:02 GMT" time="22.931" errors="0">
  <testcase name="verifyLoginPageTitle" time="12.373" classname="com.qa.hubspot.tests.LoginPageTestWPF"/>
  <testcase name="verifySignupLinkText" time="10.558" classname="com.qa.hubspot.tests.LoginPageTestWPF"/>
</testsuite> <!-- com.qa.hubspot.tests.LoginPageTestWPF -->
