<?xml version="1.0" encoding="UTF-8"?>
<!-- Generated by org.testng.reporters.JUnitReportReporter -->
<testsuite skipped="0" hostname="DESKTOP-CIUUGKB" name="com.qa.hubspot.tests.HomePageTestWPF" tests="4" failures="0" timestamp="14 Jul 2019 03:03:46 GMT" time="88.533" errors="0">
  <testcase name="verifyHomePageTitle" time="18.388" classname="com.qa.hubspot.tests.HomePageTestWPF"/>
  <testcase name="verifyHomePageHeader" time="22.569" classname="com.qa.hubspot.tests.HomePageTestWPF"/>
  <testcase name="verifyHomePageHeaderText" time="22.301" classname="com.qa.hubspot.tests.HomePageTestWPF"/>
  <testcase name="verifyHomePageAccountName" time="25.275" classname="com.qa.hubspot.tests.HomePageTestWPF"/>
</testsuite> <!-- com.qa.hubspot.tests.HomePageTestWPF -->
