<?xml version="1.0" encoding="UTF-8"?>
<!-- Generated by org.testng.reporters.JUnitReportReporter -->
<testsuite skipped="0" hostname="DESKTOP-CIUUGKB" name="com.qa.hubspot.tests.ContactsPageTest" tests="4" failures="0" timestamp="19 Jul 2019 03:35:15 GMT" time="212.126" errors="0">
  <testcase name="createNewContacts" time="52.423" classname="com.qa.hubspot.tests.ContactsPageTest"/>
  <testcase name="createNewContacts" time="56.371" classname="com.qa.hubspot.tests.ContactsPageTest"/>
  <testcase name="createNewContacts" time="51.347" classname="com.qa.hubspot.tests.ContactsPageTest"/>
  <testcase name="createNewContacts" time="51.985" classname="com.qa.hubspot.tests.ContactsPageTest"/>
</testsuite> <!-- com.qa.hubspot.tests.ContactsPageTest -->
